c:\users\snad9\onedrive\documents\polytechnique\cours\a18\inf3610\tp\inf3610\tp1\fournis\debug\vc141.pdb
c:\users\snad9\onedrive\documents\polytechnique\cours\a18\inf3610\tp\inf3610\tp1\fournis\debug\vc141.idb
c:\users\snad9\onedrive\documents\polytechnique\cours\a18\inf3610\tp\inf3610\tp1\fournis\debug\exo1.obj
c:\users\snad9\onedrive\documents\polytechnique\cours\a18\inf3610\tp\inf3610\tp1\fournis\debug\os_core.obj
c:\users\snad9\onedrive\documents\polytechnique\cours\a18\inf3610\tp\inf3610\tp1\fournis\debug\os_cpu_c.obj
c:\users\snad9\onedrive\documents\polytechnique\cours\a18\inf3610\tp\inf3610\tp1\fournis\debug\os_flag.obj
c:\users\snad9\onedrive\documents\polytechnique\cours\a18\inf3610\tp\inf3610\tp1\fournis\debug\os_mbox.obj
c:\users\snad9\onedrive\documents\polytechnique\cours\a18\inf3610\tp\inf3610\tp1\fournis\debug\os_mem.obj
c:\users\snad9\onedrive\documents\polytechnique\cours\a18\inf3610\tp\inf3610\tp1\fournis\debug\os_mutex.obj
c:\users\snad9\onedrive\documents\polytechnique\cours\a18\inf3610\tp\inf3610\tp1\fournis\debug\os_q.obj
c:\users\snad9\onedrive\documents\polytechnique\cours\a18\inf3610\tp\inf3610\tp1\fournis\debug\os_sem.obj
c:\users\snad9\onedrive\documents\polytechnique\cours\a18\inf3610\tp\inf3610\tp1\fournis\debug\os_task.obj
c:\users\snad9\onedrive\documents\polytechnique\cours\a18\inf3610\tp\inf3610\tp1\fournis\debug\os_time.obj
c:\users\snad9\onedrive\documents\polytechnique\cours\a18\inf3610\tp\inf3610\tp1\fournis\debug\os_trace.obj
c:\users\snad9\onedrive\documents\polytechnique\cours\a18\inf3610\tp\inf3610\tp1\fournis\debug\ucwindows.exe
c:\users\snad9\onedrive\documents\polytechnique\cours\a18\inf3610\tp\inf3610\tp1\fournis\debug\ucwindows.ilk
c:\users\snad9\onedrive\documents\polytechnique\cours\a18\inf3610\tp\inf3610\tp1\fournis\debug\ucwindows.pdb
c:\users\snad9\onedrive\documents\polytechnique\cours\a18\inf3610\tp\inf3610\tp1\fournis\.\debug\ucwindows.exe
c:\users\snad9\onedrive\documents\polytechnique\cours\a18\inf3610\tp\inf3610\tp1\fournis\debug\ucwindows.tlog\cl.command.1.tlog
c:\users\snad9\onedrive\documents\polytechnique\cours\a18\inf3610\tp\inf3610\tp1\fournis\debug\ucwindows.tlog\cl.read.1.tlog
c:\users\snad9\onedrive\documents\polytechnique\cours\a18\inf3610\tp\inf3610\tp1\fournis\debug\ucwindows.tlog\cl.write.1.tlog
c:\users\snad9\onedrive\documents\polytechnique\cours\a18\inf3610\tp\inf3610\tp1\fournis\debug\ucwindows.tlog\link.command.1.tlog
c:\users\snad9\onedrive\documents\polytechnique\cours\a18\inf3610\tp\inf3610\tp1\fournis\debug\ucwindows.tlog\link.read.1.tlog
c:\users\snad9\onedrive\documents\polytechnique\cours\a18\inf3610\tp\inf3610\tp1\fournis\debug\ucwindows.tlog\link.write.1.tlog
