INFO: [HLS 200-0] Workspace C:/Users/machaci/Documents/INF3610/TP4/CodeFourni/hls/sobellab4/solution1 opened at Mon Dec 03 16:27:19 -0500 2018
Execute     config_clock -quiet -name default -period 10 -default=false 
INFO: [SYN 201-201] Setting up clock 'default' with a period of 10ns.
Command     config_clock returned 0; 0.001 sec.
Execute     open_platform DefaultPlatform 
Command     open_platform returned 0; 0.001 sec.
Execute     import_lib C:/Logiciels/Xilinx/Vivado/2018.1/common/technology/xilinx/zynq/zynq 
Execute       source C:/Logiciels/Xilinx/Vivado/2018.1/common/technology/xilinx/common/xilinx.lib 
Execute         source C:/Logiciels/Xilinx/Vivado/2018.1/common/technology/xilinx/interface/xilinx_interface.lib 
Execute           source C:/Logiciels/Xilinx/Vivado/2018.1/common/technology/xilinx/interface/plb46.lib 
Command           ap_source returned 0; 0 sec.
Execute           source C:/Logiciels/Xilinx/Vivado/2018.1/common/technology/xilinx/interface/fsl.lib 
Command           ap_source returned 0; 0 sec.
Execute           source C:/Logiciels/Xilinx/Vivado/2018.1/common/technology/xilinx/interface/axi4.lib 
Command           ap_source returned 0; 0.001 sec.
Execute           source C:/Logiciels/Xilinx/Vivado/2018.1/common/technology/xilinx/interface/maxi.lib 
Command           ap_source returned 0; 0 sec.
Execute           source C:/Logiciels/Xilinx/Vivado/2018.1/common/technology/xilinx/interface/saxilite.lib 
Command           ap_source returned 0; 0 sec.
Command         ap_source returned 0; 0.003 sec.
Execute         source C:/Logiciels/Xilinx/Vivado/2018.1/common/technology/xilinx/common/dsp48.lib 
Command         ap_source returned 0; 0 sec.
Execute         source C:/Logiciels/Xilinx/Vivado/2018.1/common/technology/xilinx/ip/dds_compiler.lib 
Command         ap_source returned 0; 0.001 sec.
Execute         source C:/Logiciels/Xilinx/Vivado/2018.1/common/technology/xilinx/ip/xfft.lib 
Command         ap_source returned 0; 0 sec.
Execute         source C:/Logiciels/Xilinx/Vivado/2018.1/common/technology/xilinx/ip/xfir.lib 
Command         ap_source returned 0; 0 sec.
Command       ap_source returned 0; 0.007 sec.
Execute       source C:/Logiciels/Xilinx/Vivado/2018.1/common/technology/xilinx/common/xilinx_old.lib 
Command       ap_source returned 0; 0.001 sec.
Execute       source C:/Logiciels/Xilinx/Vivado/2018.1/common/technology/xilinx/common/xilinx_vivado.lib 
Command       ap_source returned 0; 0.001 sec.
Execute       source C:/Logiciels/Xilinx/Vivado/2018.1/common/technology/xilinx/common/xilinx.hlp 
Execute         source C:/Logiciels/Xilinx/Vivado/2018.1/common/technology/xilinx/common/target_info.tcl 
Command         ap_source returned 0; 0.001 sec.
Execute         source C:/Logiciels/Xilinx/Vivado/2018.1/common/technology/xilinx/interface/xilinx_interface.hlp 
Execute           source C:/Logiciels/Xilinx/Vivado/2018.1/common/technology/xilinx/interface/maxi.hlp 
Command           ap_source returned 0; 0 sec.
Execute           source C:/Logiciels/Xilinx/Vivado/2018.1/common/technology/xilinx/interface/saxilite.hlp 
Command           ap_source returned 0; 0 sec.
Command         ap_source returned 0; 0.001 sec.
Execute         source C:/Logiciels/Xilinx/Vivado/2018.1/common/technology/xilinx/common/dsp48.hlp 
Command         ap_source returned 0; 0.001 sec.
Command       ap_source returned 0; 0.006 sec.
Execute       source C:/Logiciels/Xilinx/Vivado/2018.1/common/technology/xilinx/zynq/dsp48e1.hlp 
Command       ap_source returned 0; 0 sec.
Execute       get_default_platform 
Command       get_default_platform returned 0; 0 sec.
Execute       config_chip_info -quiet -resource  {SLICE 13300}  {LUT 53200}     {FF 106400} {DSP48E 220}   {BRAM 280}  
Command       config_chip_info returned 0; 0 sec.
Execute       config_chip_info -quiet -speed medium 
Command       config_chip_info returned 0; 0 sec.
Execute       source C:/Logiciels/Xilinx/Vivado/2018.1/common/technology/xilinx/common/xilinx.hlp 
Execute         source C:/Logiciels/Xilinx/Vivado/2018.1/common/technology/xilinx/common/target_info.tcl 
Command         ap_source returned 0; 0.001 sec.
Execute         source C:/Logiciels/Xilinx/Vivado/2018.1/common/technology/xilinx/interface/xilinx_interface.hlp 
Execute           source C:/Logiciels/Xilinx/Vivado/2018.1/common/technology/xilinx/interface/maxi.hlp 
Command           ap_source returned 0; 0 sec.
Execute           source C:/Logiciels/Xilinx/Vivado/2018.1/common/technology/xilinx/interface/saxilite.hlp 
Command           ap_source returned 0; 0 sec.
Command         ap_source returned 0; 0.001 sec.
Execute         source C:/Logiciels/Xilinx/Vivado/2018.1/common/technology/xilinx/common/dsp48.hlp 
Command         ap_source returned 0; 0.001 sec.
Command       ap_source returned 0; 0.006 sec.
Command     import_lib returned 0; 0.027 sec.
Execute     source C:/Logiciels/Xilinx/Vivado/2018.1/common/technology/xilinx/zynq/zynq.gen 
Execute       source C:/Logiciels/Xilinx/Vivado/2018.1/common/technology/xilinx/common/virtex.gen 
Execute         source C:/Logiciels/Xilinx/Vivado/2018.1/common/technology/xilinx/common/xilinx.gen 
Execute           source C:/Logiciels/Xilinx/Vivado/2018.1/common/technology/xilinx/interface/plb46.gen 
Command           ap_source returned 0; 0.002 sec.
Execute           source C:/Logiciels/Xilinx/Vivado/2018.1/common/technology/xilinx/interface/fsl.gen 
Command           ap_source returned 0; 0.001 sec.
Execute           source C:/Logiciels/Xilinx/Vivado/2018.1/common/technology/xilinx/interface/axi4.gen 
Command           ap_source returned 0; 0.002 sec.
Execute           source C:/Logiciels/Xilinx/Vivado/2018.1/common/technology/xilinx/interface/nativeAXI4.gen 
Execute             source C:/Logiciels/Xilinx/Vivado/2018.1/common/technology/xilinx/interface/saxilite.gen 
Command             ap_source returned 0; 0.004 sec.
Execute             source C:/Logiciels/Xilinx/Vivado/2018.1/common/technology/xilinx/interface/maxi.gen 
Command             ap_source returned 0; 0.011 sec.
Command           ap_source returned 0; 0.016 sec.
Execute           source C:/Logiciels/Xilinx/Vivado/2018.1/common/technology/xilinx/scripts/xilinxcoregen.gen 
Command           ap_source returned 0; 0.016 sec.
Execute           source C:/Logiciels/Xilinx/Vivado/2018.1/common/technology/xilinx/interface/XilEDKCoreGen.gen 
Command           ap_source returned 0; 0.011 sec.
Execute           source C:/Logiciels/Xilinx/Vivado/2018.1/common/technology/xilinx/ip/dds_compiler.gen 
Command           ap_source returned 0; 0.005 sec.
Execute           source C:/Logiciels/Xilinx/Vivado/2018.1/common/technology/xilinx/ip/util.gen 
Command           ap_source returned 0; 0 sec.
Execute           source C:/Logiciels/Xilinx/Vivado/2018.1/common/technology/xilinx/ip/xfft.gen 
Command           ap_source returned 0; 0.12 sec.
Execute           source C:/Logiciels/Xilinx/Vivado/2018.1/common/technology/xilinx/ip/xfir.gen 
Command           ap_source returned 0; 0.001 sec.
Command         ap_source returned 0; 0.175 sec.
Execute         source C:/Logiciels/Xilinx/Vivado/2018.1/common/technology/xilinx/common/dsp48.gen 
Command         ap_source returned 0; 0.001 sec.
Command       ap_source returned 0; 0.178 sec.
Command     ap_source returned 0; 0.178 sec.
Execute     open_platform DefaultPlatform 
Command     open_platform returned 0; 0 sec.
Execute     import_lib C:/Logiciels/Xilinx/Vivado/2018.1/common/technology/xilinx/zynq/zynq_fpv6 
Execute       source C:/Logiciels/Xilinx/Vivado/2018.1/common/technology/xilinx/common/xilinx_fpv7.lib 
Execute         source C:/Logiciels/Xilinx/Vivado/2018.1/common/technology/xilinx/common/xilinx_hp.lib 
Command         ap_source returned 0; 0.002 sec.
Command       ap_source returned 0; 0.005 sec.
Execute       source C:/Logiciels/Xilinx/Vivado/2018.1/common/technology/xilinx/common/xilinx_fpv.hlp 
Execute         source C:/Logiciels/Xilinx/Vivado/2018.1/common/technology/xilinx/common/xilinx.hlp 
Execute           source C:/Logiciels/Xilinx/Vivado/2018.1/common/technology/xilinx/common/target_info.tcl 
Command           ap_source returned 0; 0.039 sec.
Execute           source C:/Logiciels/Xilinx/Vivado/2018.1/common/technology/xilinx/interface/xilinx_interface.hlp 
Execute             source C:/Logiciels/Xilinx/Vivado/2018.1/common/technology/xilinx/interface/maxi.hlp 
Command             ap_source returned 0; 0 sec.
Execute             source C:/Logiciels/Xilinx/Vivado/2018.1/common/technology/xilinx/interface/saxilite.hlp 
Command             ap_source returned 0; 0.001 sec.
Command           ap_source returned 0; 0.001 sec.
Execute           source C:/Logiciels/Xilinx/Vivado/2018.1/common/technology/xilinx/common/dsp48.hlp 
Command           ap_source returned 0; 0.002 sec.
Command         ap_source returned 0; 0.043 sec.
Command       ap_source returned 0; 0.043 sec.
Execute       source C:/Logiciels/Xilinx/Vivado/2018.1/common/technology/xilinx/zynq/zynq_hp.hlp 
Command       ap_source returned 0; 0.003 sec.
Command     import_lib returned 0; 0.065 sec.
Execute     source C:/Logiciels/Xilinx/Vivado/2018.1/common/technology/xilinx/zynq/zynq_fpv6.gen 
Execute       source C:/Logiciels/Xilinx/Vivado/2018.1/common/technology/xilinx/common/xilinx_fpv6.gen 
Command       ap_source returned 0; 0.003 sec.
Command     ap_source returned 0; 0.003 sec.
Execute     set_part xc7z020clg484-1 
Execute       add_library xilinx/zynq/zynq:xc7z020:clg484:-1 
Execute         get_default_platform 
Command         get_default_platform returned 0; 0 sec.
Execute         license_isbetapart xc7z020 
Command         license_isbetapart returned 1; 0.012 sec.
Execute         get_default_platform 
Command         get_default_platform returned 0; 0 sec.
Execute         config_chip_info -quiet -resource  {SLICE 13300}  {LUT 53200}     {FF 106400} {DSP48E 220}   {BRAM 280}  
Command         config_chip_info returned 0; 0 sec.
Execute         config_chip_info -quiet -speed slow 
Command         config_chip_info returned 0; 0 sec.
Command       add_library returned 0; 0.018 sec.
Execute       add_library xilinx/zynq/zynq_fpv6 
Execute         get_default_platform 
Command         get_default_platform returned 0; 0 sec.
Command       add_library returned 0; 0.003 sec.
INFO: [HLS 200-10] Setting target device to 'xc7z020clg484-1'
Execute       get_default_platform 
Command       get_default_platform returned 0; 0 sec.
Command     set_part returned 0; 0.102 sec.
Execute     get_default_platform 
Command     get_default_platform returned 0; 0 sec.
Execute     config_chip_info -quiet -resource  {SLICE 13300}  {LUT 53200}     {FF 106400} {DSP48E 220}   {BRAM 280}  
Command     config_chip_info returned 0; 0 sec.
Execute     config_chip_info -quiet -speed slow 
Command     config_chip_info returned 0; 0 sec.
Command   open_solution returned 0; 0.427 sec.
Execute   csim_design -compiler gcc -quiet 
INFO: [SIM 211-2] *************** CSIM start ***************
INFO: [SIM 211-4] CSIM will launch GCC as the compiler.
Execute     source csim/.lst_opt.tcl 
Command     ap_source returned 0; 0.001 sec.
Execute     is_encrypted C:/Users/machaci/Documents/INF3610/TP4/CodeFourni/hls/sobellab4/sobel_test.cpp 
Command     is_encrypted returned 0; 0 sec.
Execute     is_xip C:/Users/machaci/Documents/INF3610/TP4/CodeFourni/hls/sobellab4/sobel_test.cpp 
Command     is_xip returned 0; 0 sec.
Execute     is_encrypted C:/Users/machaci/Documents/INF3610/TP4/CodeFourni/hls/sobellab4/ap_bmp.cpp 
Command     is_encrypted returned 0; 0 sec.
Execute     is_xip C:/Users/machaci/Documents/INF3610/TP4/CodeFourni/hls/sobellab4/ap_bmp.cpp 
Command     is_xip returned 0; 0 sec.
Execute     is_encrypted C:/Users/machaci/Documents/INF3610/TP4/CodeFourni/hls/sobellab4/Sobel.cpp 
Command     is_encrypted returned 0; 0 sec.
Execute     is_xip C:/Users/machaci/Documents/INF3610/TP4/CodeFourni/hls/sobellab4/Sobel.cpp 
Command     is_xip returned 0; 0.001 sec.
Execute     get_default_platform 
Command     get_default_platform returned 0; 0 sec.
Execute     source run_sim.tcl 
Command     ap_source returned 0; 0.887 sec.
INFO: [SIM 211-1] CSim done with 0 errors.
INFO: [SIM 211-3] *************** CSIM finish ***************
Command   csim_design returned 0; 3.773 sec.
Command ap_source returned 0; 4.206 sec.
Execute cleanup_all 
Command cleanup_all returned 0; 0 sec.
